{"D:\\Poli\\An4\\VVS\\WebCalculator\\public\\calculator.js": {"path":"D:\\Poli\\An4\\VVS\\WebCalculator\\public\\calculator.js","statementMap":{"0":{"start":{"line":3,"column":4},"end":{"line":3,"column":64}},"1":{"start":{"line":4,"column":4},"end":{"line":4,"column":62}},"2":{"start":{"line":5,"column":4},"end":{"line":5,"column":16}},"3":{"start":{"line":9,"column":4},"end":{"line":9,"column":28}},"4":{"start":{"line":10,"column":4},"end":{"line":10,"column":29}},"5":{"start":{"line":11,"column":4},"end":{"line":11,"column":30}},"6":{"start":{"line":15,"column":4},"end":{"line":15,"column":69}},"7":{"start":{"line":16,"column":4},"end":{"line":16,"column":36}},"8":{"start":{"line":20,"column":4},"end":{"line":20,"column":67}},"9":{"start":{"line":20,"column":61},"end":{"line":20,"column":67}},"10":{"start":{"line":21,"column":4},"end":{"line":21,"column":76}},"11":{"start":{"line":25,"column":4},"end":{"line":25,"column":42}},"12":{"start":{"line":25,"column":36},"end":{"line":25,"column":42}},"13":{"start":{"line":26,"column":4},"end":{"line":28,"column":5}},"14":{"start":{"line":27,"column":6},"end":{"line":27,"column":20}},"15":{"start":{"line":29,"column":4},"end":{"line":29,"column":30}},"16":{"start":{"line":30,"column":4},"end":{"line":30,"column":46}},"17":{"start":{"line":31,"column":4},"end":{"line":31,"column":28}},"18":{"start":{"line":35,"column":17},"end":{"line":35,"column":49}},"19":{"start":{"line":36,"column":20},"end":{"line":36,"column":51}},"20":{"start":{"line":37,"column":4},"end":{"line":37,"column":45}},"21":{"start":{"line":37,"column":39},"end":{"line":37,"column":45}},"22":{"start":{"line":38,"column":4},"end":{"line":38,"column":78}},"23":{"start":{"line":39,"column":4},"end":{"line":39,"column":30}},"24":{"start":{"line":40,"column":4},"end":{"line":40,"column":29}},"25":{"start":{"line":44,"column":4},"end":{"line":55,"column":5}},"26":{"start":{"line":46,"column":8},"end":{"line":46,"column":36}},"27":{"start":{"line":48,"column":8},"end":{"line":48,"column":36}},"28":{"start":{"line":50,"column":8},"end":{"line":50,"column":36}},"29":{"start":{"line":52,"column":8},"end":{"line":52,"column":36}},"30":{"start":{"line":54,"column":8},"end":{"line":54,"column":14}},"31":{"start":{"line":58,"column":25},"end":{"line":58,"column":42}},"32":{"start":{"line":59,"column":26},"end":{"line":59,"column":64}},"33":{"start":{"line":60,"column":26},"end":{"line":60,"column":52}},"34":{"start":{"line":62,"column":4},"end":{"line":66,"column":5}},"35":{"start":{"line":63,"column":6},"end":{"line":63,"column":25}},"36":{"start":{"line":65,"column":6},"end":{"line":65,"column":87}},"37":{"start":{"line":67,"column":4},"end":{"line":71,"column":5}},"38":{"start":{"line":68,"column":6},"end":{"line":68,"column":49}},"39":{"start":{"line":70,"column":6},"end":{"line":70,"column":27}},"40":{"start":{"line":75,"column":4},"end":{"line":76,"column":48}},"41":{"start":{"line":77,"column":4},"end":{"line":82,"column":5}},"42":{"start":{"line":78,"column":6},"end":{"line":79,"column":74}},"43":{"start":{"line":81,"column":6},"end":{"line":81,"column":52}}},"fnMap":{"0":{"name":"(anonymous_0)","decl":{"start":{"line":2,"column":2},"end":{"line":2,"column":3}},"loc":{"start":{"line":2,"column":69},"end":{"line":6,"column":3}},"line":2},"1":{"name":"(anonymous_1)","decl":{"start":{"line":8,"column":2},"end":{"line":8,"column":3}},"loc":{"start":{"line":8,"column":10},"end":{"line":12,"column":3}},"line":8},"2":{"name":"(anonymous_2)","decl":{"start":{"line":14,"column":2},"end":{"line":14,"column":3}},"loc":{"start":{"line":14,"column":11},"end":{"line":17,"column":3}},"line":14},"3":{"name":"(anonymous_3)","decl":{"start":{"line":19,"column":2},"end":{"line":19,"column":3}},"loc":{"start":{"line":19,"column":23},"end":{"line":22,"column":3}},"line":19},"4":{"name":"(anonymous_4)","decl":{"start":{"line":24,"column":2},"end":{"line":24,"column":3}},"loc":{"start":{"line":24,"column":29},"end":{"line":32,"column":3}},"line":24},"5":{"name":"(anonymous_5)","decl":{"start":{"line":34,"column":2},"end":{"line":34,"column":3}},"loc":{"start":{"line":34,"column":12},"end":{"line":41,"column":3}},"line":34},"6":{"name":"(anonymous_6)","decl":{"start":{"line":43,"column":2},"end":{"line":43,"column":3}},"loc":{"start":{"line":43,"column":52},"end":{"line":56,"column":3}},"line":43},"7":{"name":"(anonymous_7)","decl":{"start":{"line":57,"column":2},"end":{"line":57,"column":3}},"loc":{"start":{"line":57,"column":27},"end":{"line":72,"column":3}},"line":57},"8":{"name":"(anonymous_8)","decl":{"start":{"line":74,"column":2},"end":{"line":74,"column":3}},"loc":{"start":{"line":74,"column":18},"end":{"line":83,"column":3}},"line":74}},"branchMap":{"0":{"loc":{"start":{"line":20,"column":4},"end":{"line":20,"column":67}},"type":"if","locations":[{"start":{"line":20,"column":4},"end":{"line":20,"column":67}},{"start":{},"end":{}}],"line":20},"1":{"loc":{"start":{"line":20,"column":8},"end":{"line":20,"column":59}},"type":"binary-expr","locations":[{"start":{"line":20,"column":8},"end":{"line":20,"column":22}},{"start":{"line":20,"column":26},"end":{"line":20,"column":59}}],"line":20},"2":{"loc":{"start":{"line":25,"column":4},"end":{"line":25,"column":42}},"type":"if","locations":[{"start":{"line":25,"column":4},"end":{"line":25,"column":42}},{"start":{},"end":{}}],"line":25},"3":{"loc":{"start":{"line":26,"column":4},"end":{"line":28,"column":5}},"type":"if","locations":[{"start":{"line":26,"column":4},"end":{"line":28,"column":5}},{"start":{},"end":{}}],"line":26},"4":{"loc":{"start":{"line":37,"column":4},"end":{"line":37,"column":45}},"type":"if","locations":[{"start":{"line":37,"column":4},"end":{"line":37,"column":45}},{"start":{},"end":{}}],"line":37},"5":{"loc":{"start":{"line":37,"column":8},"end":{"line":37,"column":37}},"type":"binary-expr","locations":[{"start":{"line":37,"column":8},"end":{"line":37,"column":19}},{"start":{"line":37,"column":23},"end":{"line":37,"column":37}}],"line":37},"6":{"loc":{"start":{"line":44,"column":4},"end":{"line":55,"column":5}},"type":"switch","locations":[{"start":{"line":45,"column":6},"end":{"line":46,"column":36}},{"start":{"line":47,"column":6},"end":{"line":48,"column":36}},{"start":{"line":49,"column":6},"end":{"line":50,"column":36}},{"start":{"line":51,"column":6},"end":{"line":52,"column":36}},{"start":{"line":53,"column":6},"end":{"line":54,"column":14}}],"line":44},"7":{"loc":{"start":{"line":62,"column":4},"end":{"line":66,"column":5}},"type":"if","locations":[{"start":{"line":62,"column":4},"end":{"line":66,"column":5}},{"start":{"line":64,"column":11},"end":{"line":66,"column":5}}],"line":62},"8":{"loc":{"start":{"line":67,"column":4},"end":{"line":71,"column":5}},"type":"if","locations":[{"start":{"line":67,"column":4},"end":{"line":71,"column":5}},{"start":{"line":69,"column":11},"end":{"line":71,"column":5}}],"line":67},"9":{"loc":{"start":{"line":77,"column":4},"end":{"line":82,"column":5}},"type":"if","locations":[{"start":{"line":77,"column":4},"end":{"line":82,"column":5}},{"start":{"line":80,"column":11},"end":{"line":82,"column":5}}],"line":77}},"s":{"0":8,"1":8,"2":8,"3":9,"4":9,"5":9,"6":1,"7":1,"8":1,"9":0,"10":1,"11":0,"12":0,"13":0,"14":0,"15":0,"16":0,"17":0,"18":0,"19":0,"20":0,"21":0,"22":0,"23":0,"24":0,"25":4,"26":1,"27":1,"28":1,"29":1,"30":0,"31":1,"32":1,"33":1,"34":1,"35":0,"36":1,"37":1,"38":0,"39":1,"40":0,"41":0,"42":0,"43":0},"f":{"0":8,"1":9,"2":1,"3":1,"4":0,"5":0,"6":4,"7":1,"8":0},"b":{"0":[0,1],"1":[1,0],"2":[0,0],"3":[0,0],"4":[0,0],"5":[0,0],"6":[1,1,1,1,0],"7":[0,1],"8":[0,1],"9":[0,0]},"_coverageSchema":"1a1c01bbd47fc00a2c39e90264f33305004495a9","hash":"db2959345c7fa071ed6ae9f78b1d8c47fd57fea9"}
}
