TN:
SF:public\calculator.js
FN:2,(anonymous_0)
FN:8,(anonymous_1)
FN:14,(anonymous_2)
FN:19,(anonymous_3)
FN:24,(anonymous_4)
FN:34,(anonymous_5)
FN:43,(anonymous_6)
FN:57,(anonymous_7)
FN:74,(anonymous_8)
FNF:9
FNH:6
FNDA:8,(anonymous_0)
FNDA:9,(anonymous_1)
FNDA:1,(anonymous_2)
FNDA:1,(anonymous_3)
FNDA:0,(anonymous_4)
FNDA:0,(anonymous_5)
FNDA:4,(anonymous_6)
FNDA:1,(anonymous_7)
FNDA:0,(anonymous_8)
DA:3,8
DA:4,8
DA:5,8
DA:9,9
DA:10,9
DA:11,9
DA:15,1
DA:16,1
DA:20,1
DA:21,1
DA:25,0
DA:26,0
DA:27,0
DA:29,0
DA:30,0
DA:31,0
DA:35,0
DA:36,0
DA:37,0
DA:38,0
DA:39,0
DA:40,0
DA:44,4
DA:46,1
DA:48,1
DA:50,1
DA:52,1
DA:54,0
DA:58,1
DA:59,1
DA:60,1
DA:62,1
DA:63,0
DA:65,1
DA:67,1
DA:68,0
DA:70,1
DA:75,0
DA:77,0
DA:78,0
DA:81,0
LF:41
LH:22
BRDA:20,0,0,0
BRDA:20,0,1,1
BRDA:20,1,0,1
BRDA:20,1,1,0
BRDA:25,2,0,0
BRDA:25,2,1,0
BRDA:26,3,0,0
BRDA:26,3,1,0
BRDA:37,4,0,0
BRDA:37,4,1,0
BRDA:37,5,0,0
BRDA:37,5,1,0
BRDA:44,6,0,1
BRDA:44,6,1,1
BRDA:44,6,2,1
BRDA:44,6,3,1
BRDA:44,6,4,0
BRDA:62,7,0,0
BRDA:62,7,1,1
BRDA:67,8,0,0
BRDA:67,8,1,1
BRDA:77,9,0,0
BRDA:77,9,1,0
BRF:23
BRH:8
end_of_record
